Arguments: 
  /root/.nvm/versions/node/v18.12.0/bin/node /usr/bin/yarn add web3.js

PATH: 
  /root/.fuelup/bin:/root/.nvm/versions/node/v18.12.0/bin:/root/.cargo/bin:/root/.vscode-server/bin/97dec172d3256f8ca4bfb2143f3f76b503ca0534/bin/remote-cli:/usr/local/sbin:/usr/local/bin:/usr/sbin:/usr/bin:/sbin:/bin:/usr/games:/usr/local/games:/usr/lib/wsl/lib:/mnt/c/Windows/system32:/mnt/c/Windows:/mnt/c/Windows/System32/Wbem:/mnt/c/Windows/System32/WindowsPowerShell/v1.0/:/mnt/c/Windows/System32/OpenSSH/:/mnt/c/Program Files/Intel/WiFi/bin/:/mnt/c/Program Files/Common Files/Intel/WirelessCommon/:/mnt/c/Users/Lenovo/AppData/Local/Microsoft/WindowsApps:/mnt/d/Program Files (x86)/Microsoft VS Code/bin:/root/.foundry/bin:/root/.local/bin:/root/.nargo/bin

Yarn version: 
  1.22.19

Node version: 
  18.12.0

Platform: 
  linux x64

Trace: 
  Error: https://registry.yarnpkg.com/web3.js: Not found
      at params.callback [as _callback] (/usr/lib/node_modules/yarn/lib/cli.js:66145:18)
      at self.callback (/usr/lib/node_modules/yarn/lib/cli.js:140890:22)
      at Request.emit (node:events:513:28)
      at Request.<anonymous> (/usr/lib/node_modules/yarn/lib/cli.js:141862:10)
      at Request.emit (node:events:513:28)
      at IncomingMessage.<anonymous> (/usr/lib/node_modules/yarn/lib/cli.js:141784:12)
      at Object.onceWrapper (node:events:627:28)
      at IncomingMessage.emit (node:events:525:35)
      at endReadableNT (node:internal/streams/readable:1359:12)
      at process.processTicksAndRejections (node:internal/process/task_queues:82:21)

npm manifest: 
  {
    "name": "hardhat-project",
    "devDependencies": {
      "@nomicfoundation/hardhat-toolbox": "^2.0.1",
      "@nomiclabs/hardhat-ethers": "^2.2.2",
      "@openzeppelin/contracts": "^4.8.1",
      "@openzeppelin/hardhat-upgrades": "^1.22.1",
      "ethers": "^5.7.2",
      "hardhat": "^2.12.7"
    }
  }

yarn manifest: 
  No manifest

Lockfile: 
  No lockfile
